


asfasf
asfasf
asfasf



saf
saf
saf
----saf
Bill----saf
----saf
----saf
----saf
55pp----saf
55pp----saf
zhejiang----saf
zhejiang----saf
jiangsu----saf
zhejiang----saf
jiangsu----saf
zhejiang----saf
zhejiang----saf
zhejiang----saf
jiangsu----saf
zhejiang----saf
jiangsu----saf
zhejiang----saf
zhejiang----saf
zhejiang----saf
zhejiang----saf
zhejiang----saf
jiangsu----saf
zhejiang----saf
zhejiang----saf
zhejiang----saf
zhejiang----saf
zhejiang----saf
zhejiang----saf
zhejiang----saf
zhejiang----saf
zhejiang----saf
zhejiang----saf
zhejiang----saf
zhejiang----saf
zhejiang----saf
jiangsu----saf
zhejiang----saf
zhejiang----saf
jiangsu----saf
jiangsu----saf
zhejiang----saf
zhejiang----saf
jiangsu----saf
----saf
zhejiang----saf
zhejiang----saf
jiangsu----saf
zhejiang----saf
zhejiang----saf
jiangsu----saf
jiangsu----saf
zhejiang----saf
